<?xml version="1.0" encoding="UTF-8"?>
<!-- Generated by org.testng.reporters.JUnitReportReporter -->
<testsuite hostname="LAPTOP-O7BRKD6N" failures="0" tests="1" name="com.cw.TestCases.HomePageTest" time="10.080" errors="0" timestamp="2022-11-14T10:25:06 IST" skipped="0">
  <testcase classname="com.cw.TestCases.HomePageTest" name="TC27_mouseHoverOnViewMoreBrochure" time="10.080"/>
  <system-out/>
</testsuite> <!-- com.cw.TestCases.HomePageTest -->
