<?xml version="1.0" encoding="UTF-8"?>
<!-- Generated by org.testng.reporters.JUnitReportReporter -->
<testsuite hostname="LAPTOP-O7BRKD6N" failures="0" tests="1" name="com.cw.TestCases.Scroll" time="52.420" errors="0" timestamp="2022-11-02T21:15:32 IST" skipped="0">
  <testcase classname="com.cw.TestCases.Scroll" name="scroll" time="52.420"/>
  <system-out/>
</testsuite> <!-- com.cw.TestCases.Scroll -->
