<?xml version="1.0" encoding="UTF-8"?>
<!-- Generated by org.testng.reporters.JUnitReportReporter -->
<testsuite hostname="LAPTOP-O7BRKD6N" failures="0" tests="1" name="com.cw.TestCases.google" time="90.801" errors="0" timestamp="2022-11-11T17:37:01 IST" skipped="0">
  <testcase classname="com.cw.TestCases.google" name="Google" time="90.801"/>
  <system-out/>
</testsuite> <!-- com.cw.TestCases.google -->
