<?xml version="1.0" encoding="UTF-8"?>
<!-- Generated by org.testng.reporters.JUnitReportReporter -->
<testsuite hostname="LAPTOP-O7BRKD6N" failures="0" tests="1" name="com.cw.TestCases.CogniwizeOnGoogle" time="92.195" errors="0" timestamp="2022-11-16T11:39:24 IST" skipped="0">
  <testcase classname="com.cw.TestCases.CogniwizeOnGoogle" name="Google" time="92.195"/>
  <system-out/>
</testsuite> <!-- com.cw.TestCases.CogniwizeOnGoogle -->
