<?xml version="1.0" encoding="UTF-8"?>
<!-- Generated by org.testng.reporters.JUnitReportReporter -->
<testsuite hostname="LAPTOP-O7BRKD6N" failures="0" tests="1" name="com.cw.TestCases.P2" time="22.783" errors="0" timestamp="2022-11-02T09:25:18 IST" skipped="0">
  <testcase classname="com.cw.TestCases.P2" name="test1" time="22.783"/>
  <system-out/>
</testsuite> <!-- com.cw.TestCases.P2 -->
