<?xml version="1.0" encoding="UTF-8"?>
<!-- Generated by org.testng.reporters.JUnitReportReporter -->
<testsuite hostname="LAPTOP-O7BRKD6N" failures="0" tests="1" name="com.cw.TestCases.PracticeTest" time="13.150" errors="0" timestamp="2022-12-17T14:31:32 IST" skipped="0">
  <testcase classname="com.cw.TestCases.PracticeTest" name="practice" time="13.150"/>
  <system-out/>
</testsuite> <!-- com.cw.TestCases.PracticeTest -->
