<?xml version="1.0" encoding="UTF-8"?>
<!-- Generated by org.testng.reporters.JUnitReportReporter -->
<testsuite hostname="LAPTOP-O7BRKD6N" failures="0" tests="1" name="com.cw.TestCases.servicesHover" time="22.443" errors="0" timestamp="2022-11-03T10:39:57 IST" skipped="0">
  <testcase classname="com.cw.TestCases.servicesHover" name="services" time="22.443"/>
  <system-out/>
</testsuite> <!-- com.cw.TestCases.servicesHover -->
