<?xml version="1.0" encoding="UTF-8"?>
<!-- Generated by org.testng.reporters.JUnitReportReporter -->
<testsuite hostname="LAPTOP-O7BRKD6N" failures="0" tests="9" name="com.cw.TestCases.HeaderTest" time="43.525" errors="0" timestamp="2022-12-12T11:51:07 IST" skipped="0">
  <testcase classname="com.cw.TestCases.HeaderTest" name="ContactUsIsPresent" time="15.317"/>
  <system-out/>
  <testcase classname="com.cw.TestCases.HeaderTest" name="serviceTabIsPresent" time="4.283"/>
  <system-out/>
  <testcase classname="com.cw.TestCases.HeaderTest" name="LogoIsClickable" time="10.714"/>
  <system-out/>
  <testcase classname="com.cw.TestCases.HeaderTest" name="careerTabIsPresent" time="2.533"/>
  <system-out/>
  <testcase classname="com.cw.TestCases.HeaderTest" name="TC02_LogoIsPresentAtRightside" time="1.838"/>
  <system-out/>
  <testcase classname="com.cw.TestCases.HeaderTest" name="TC01_LogoIsPresent" time="1.780"/>
  <system-out/>
  <testcase classname="com.cw.TestCases.HeaderTest" name="SearchTabIsPresent" time="1.713"/>
  <system-out/>
  <testcase classname="com.cw.TestCases.HeaderTest" name="ResourcesIsPresent" time="2.362"/>
  <system-out/>
  <testcase classname="com.cw.TestCases.HeaderTest" name="companyTabIsPresent" time="2.985"/>
  <system-out/>
</testsuite> <!-- com.cw.TestCases.HeaderTest -->
