<?xml version="1.0" encoding="UTF-8"?>
<!-- Generated by org.testng.reporters.JUnitReportReporter -->
<testsuite hostname="LAPTOP-O7BRKD6N" failures="0" tests="1" name="com.cw.TestCases.ServicesTest" time="21.288" errors="0" timestamp="2022-11-15T14:51:20 IST" skipped="0">
  <testcase classname="com.cw.TestCases.ServicesTest" name="clickOnCherwellServices" time="21.288"/>
  <system-out/>
</testsuite> <!-- com.cw.TestCases.ServicesTest -->
