<?xml version="1.0" encoding="UTF-8"?>
<!-- Generated by org.testng.reporters.JUnitReportReporter -->
<testsuite hostname="DESKTOP-H40JCR2" failures="0" tests="1" name="com.TestClass.Footer" time="20.959" errors="0" timestamp="2022-10-25T12:43:05 IST" skipped="0">
  <testcase classname="com.TestClass.Footer" name="sociallink" time="20.959"/>
  <system-out/>
</testsuite> <!-- com.TestClass.Footer -->
