<?xml version="1.0" encoding="UTF-8"?>
<!-- Generated by org.testng.reporters.JUnitReportReporter -->
<testsuite hostname="LAPTOP-O7BRKD6N" failures="0" tests="1" name="com.cw.TestCases.ResourseTest" time="13.444" errors="0" timestamp="2022-11-10T18:07:39 IST" skipped="0">
  <testcase classname="com.cw.TestCases.ResourseTest" name="ClickOnCaseStudies" time="13.444"/>
  <system-out/>
</testsuite> <!-- com.cw.TestCases.ResourseTest -->
